MPASM  5.51                          MAIN.ASM   2-11-2020  11:50:26         PAGE  1


LOC  OBJECT CODE     LINE SOURCE TEXT
  VALUE

                      00001 #include <p16f887.inc>
                      00001         LIST
                      00002 
                      00003 ;==========================================================================
                      00004 ;  MPASM PIC16F887 processor include
                      00005 ; 
                      00006 ;  (c) Copyright 1999-2013 Microchip Technology, All rights reserved
                      00007 ;==========================================================================
                      00008 
                      00809         LIST
                      00002 #define button  PORTB, RB0
Warning[205]: Found directive in column 1. (list)
                      00003 list p=16f887
Warning[205]: Found directive in column 1. (__CONFIG)
2007   2FF4           00004 __CONFIG _CONFIG1, 0x2FF4
Warning[205]: Found directive in column 1. (__CONFIG)
2008   3FFF           00005 __CONFIG _CONFIG2, 0x3FFF
                      00006 
                      00007         cblock  0x20                    ;nomendo endereco da mamória
  00000020            00008                 led_cnt
  00000021            00009                 cnt_1
  00000022            00010                 cnt_2
  00000023            00011                 _wreg
  00000024            00012                 _status
  00000025            00013                 timer_counter_5s
  00000026            00014                 timer_counter_500ms
  00000027            00015                 level   ; level::
                      00016                                 ; 1 = hard
                      00017                                 ; 0 = easy
  00000028            00018                 sequency
  00000029            00019                 move
  0000002A            00020                 last_move
  0000002B            00021                 last_input
  0000002C            00022                 timeout ; 0 == nao ocorreu time out
                      00023                                 ; 1 == ocorreu time out
  0000002D            00024                 current_move
                      00025                 
                      00026         endc
                      00027         
                      00028         ;cblock 0x5F
                      00029         ;       move_pointer            ;ponteiro para memória de movimentos
                      00030         ;endc
                      00031         
Warning[207]: Found label after column 1. (HARD_TIMEOUT)
  00000003            00032         HARD_TIMEOUT    EQU     .3
Warning[207]: Found label after column 1. (EASY_TIMEOUT)
  00000005            00033         EASY_TIMEOUT    EQU     .5
Warning[207]: Found label after column 1. (MOVE_BASE_ADDR)
  0000005F            00034         MOVE_BASE_ADDR  EQU     0x5F
Warning[207]: Found label after column 1. (TMR0_50MS)
  0000003D            00035         TMR0_50MS       EQU     .61
Warning[207]: Found label after column 1. (LED_RED)
  00000001            00036         LED_RED         EQU     B'00000001'
MPASM  5.51                          MAIN.ASM   2-11-2020  11:50:26         PAGE  2


LOC  OBJECT CODE     LINE SOURCE TEXT
  VALUE

Warning[207]: Found label after column 1. (LED_YELLOW)
  00000002            00037         LED_YELLOW      EQU     B'00000010'
Warning[207]: Found label after column 1. (LED_GREEN)
  00000004            00038         LED_GREEN       EQU     B'00000100'
Warning[207]: Found label after column 1. (LED_BLUE)
  00000008            00039         LED_BLUE        EQU     B'00001000'
                      00040 
0000                  00041         org     0x00                    ;vetor de reset
0000   2816           00042         goto    Start
                      00043         
0004                  00044         org     0x04                    ;vetor interrupção
0004   00A3           00045         movwf   _wreg
0005   0E03           00046         swapf   STATUS, W
0006   00A4           00047         movwf   _status
0007   0183           00048         clrf    STATUS                  ;limpar STATUS para garantir que estamos no bank0
0008   190B           00049         btfsc   INTCON, T0IF    ;T0IF == 1?
0009   280B           00050         goto    Timer0Interrupt ;sim    
000A   2811           00051         goto    ExitInterrupt   ;nao
                      00052 
000B                  00053 Timer0Interrupt:
                      00054 
000B   110B           00055         bcf             INTCON, T0IF
000C   0AA5           00056         incf    timer_counter_5s, F
000D   0AA6           00057         incf    timer_counter_500ms, F
000E   303D           00058         movlw   TMR0_50MS
000F   0081           00059         movwf   TMR0                    ;reseta TMR0 contador
0010   2811           00060         goto    ExitInterrupt
                      00061         
0011                  00062 ExitInterrupt:
                      00063 
0011   0E24           00064         swapf   _status, W
0012   0083           00065         movwf   STATUS
0013   0EA3           00066         swapf   _wreg, F
0014   0E23           00067         swapf   _wreg, W
0015   0009           00068         retfie
                      00069         
0016                  00070 Start:
                      00071 
0016   3002           00072         movlw   .2
0017   3C02           00073         sublw   .2
                      00074         
                      00075         ;---- I/O config ----
                      00076         ;tris 0 input
                      00077         ;tris 1 output
                      00078         
0018   01A5           00079         clrf    timer_counter_5s        ;limpa timer_counter_5s
0019   01A6           00080         clrf    timer_counter_500ms     ;limpa timer_counter_500ms
001A   1683           00081         bsf     STATUS, RP0     ;seleciona do bank0 00 to bank1 01
001B   30F0           00082         movlw   B'11110000'             ;bit menos significativo à direita
Message[302]: Register in operand not in bank 0.  Ensure that bank bits are correct.
001C   0085           00083         movwf   TRISA                   ;configura RA0-RA3 como output
                      00084                                                         ;configura RA4-RA7 como input
Message[302]: Register in operand not in bank 0.  Ensure that bank bits are correct.
MPASM  5.51                          MAIN.ASM   2-11-2020  11:50:26         PAGE  3


LOC  OBJECT CODE     LINE SOURCE TEXT
  VALUE

001D   1006           00085         bcf             TRISB, TRISB0   ;configura RB0 como input
Message[302]: Register in operand not in bank 0.  Ensure that bank bits are correct.
001E   1086           00086         bcf             TRISB, TRISB1   ;configura RB1 como input
Message[302]: Register in operand not in bank 0.  Ensure that bank bits are correct.
001F   0188           00087         clrf    TRISD                   ;todos os pinos da porta D como input
0020   1703           00088         bsf     STATUS, RP1             ;seleciona do bank1 01 to bank3 11
Message[302]: Register in operand not in bank 0.  Ensure that bank bits are correct.
0021   0188           00089         clrf    ANSEL                   ;configura PORTA como entrada digital
Message[302]: Register in operand not in bank 0.  Ensure that bank bits are correct.
0022   0189           00090         clrf    ANSELH                  ;configura PORTB como entrada digital
                      00091         
                      00092         ;----- TMR0 CONFIGURAÇAO ------
                      00093         ; INTCON, TMR0, OPTION_REG
                      00094         ; OPTION_REG : 
                      00095         ;       T0CS = 0 (INTOSC=4)
                      00096         ;       PSA = 0 (prescaler TMR0)
                      00097         ;       PS = 111
                      00098         
0023   1303           00099         bcf             STATUS, RP1             ;seleciona do bank3 11 to bank1 01
0024   3007           00100         movlw   b'00000111'             ;seta PS - PS2, PS1 e PS0
Message[302]: Register in operand not in bank 0.  Ensure that bank bits are correct.
0025   0481           00101         iorwf   OPTION_REG, F   ;seta somente os bits de interesse utilizando a funçao logica OU
0026   30D7           00102         movlw   b'11010111'             ;limpa TOCS e PSA
Message[302]: Register in operand not in bank 0.  Ensure that bank bits are correct.
0027   0581           00103         andwf   OPTION_REG, F   ;sete somente os bits de interesse utilizando a funçao logica E
0028   1283           00104         bcf             STATUS, RP0             ;seleciona do bank1 01 to bank0 00
                      00105         ;clrf   TMR0
0029   303D           00106         movlw   .61
002A   0081           00107         movwf   TMR0
002B   110B           00108         bcf             INTCON, T0IF    ;limpa a flag de interrupção
002C   168B           00109         bsf             INTCON, T0IE    ;habilita interrupção TMR0
002D   178B           00110         bsf             INTCON, GIE             ;habilita chave geral de interrupção
002E   2073           00111         call    RotinaInicializacao
                      00112         
002F   305F           00113         movlw   MOVE_BASE_ADDR
0030   0084           00114         movwf   FSR
0031   1383           00115         bcf             STATUS, IRP
0032   01AA           00116         clrf    last_move
                      00117         
0033                  00118 Main:
                      00119         
0033   1806           00120         btfsc   button                  ;botao foi precionado
0034   2833           00121         goto    Main                    ;não
                      00122 
0035   0801           00123         movf    TMR0, W
0036   00A9           00124         movwf   move                    ;copia TMR0 em na variavel move
0037   01A8           00125         clrf    sequency                ;sim (zera a variavel sequencia)
0038   1886           00126         btfsc   PORTB, RB1              ;seleciona nivel
0039   283B           00127         goto    LevelEasy               
003A   283D           00128         goto    LevelHard
                      00129 
003B                  00130 LevelEasy:
003B   1027           00131         bcf             level, 0
MPASM  5.51                          MAIN.ASM   2-11-2020  11:50:26         PAGE  4


LOC  OBJECT CODE     LINE SOURCE TEXT
  VALUE

003C   283F           00132         goto    Main_Loop
003D                  00133 LevelHard:
003D   1427           00134         bsf             level, 0
003E   283F           00135         goto    Main_Loop
                      00136 
003F                  00137 Main_Loop:
                      00138         
003F   2042           00139         call    SorteiaNumero
0040   2054           00140         call    StoreNumber
0041   2833           00141         goto    Main
                      00142         
                      00143 ;------------ Recebe move ------------
0042                  00144 SorteiaNumero:
                      00145         
0042   3003           00146         movlw   0x03
Message[305]: Using default destination of 1 (file).
0043   05A9           00147         andwf   move    ;limpa bit <7:2> (2 ao 7)
0044   3000           00148         movlw   .0
0045   0229           00149         subwf   move, W
0046   1903           00150         btfsc   STATUS, Z
0047   3401           00151         retlw   LED_RED
                      00152         
0048   3001           00153         movlw   .1
0049   0229           00154         subwf   move, W
004A   1903           00155         btfsc   STATUS, Z
004B   3402           00156         retlw   LED_YELLOW
                      00157         
004C   3002           00158         movlw   .2
004D   0229           00159         subwf   move, W
004E   1903           00160         btfsc   STATUS, Z
004F   3404           00161         retlw   LED_GREEN
                      00162         
0050   3003           00163         movlw   .3
0051   0229           00164         subwf   move, W
0052   1903           00165         btfsc   STATUS, Z
0053   3408           00166         retlw   LED_BLUE
                      00167         
0054                  00168 StoreNumber:
                      00169 
0054   0080           00170         movwf   INDF
0055   0A84           00171         incf    FSR, F
0056   0AAA           00172         incf    last_move, F
0057   0008           00173         return
                      00174 
0058                  00175 Entrada_de_movimento:
                      00176 
0058   1303           00177         bcf             STATUS, RP1
0059   1283           00178         bcf             STATUS, RP0
005A   01AB           00179         clrf    last_input
005B   305F           00180         movlw   MOVE_BASE_ADDR
005C   3004           00181         movlw   FSR                             ;
                      00182         
005D                  00183 InputLoop:
MPASM  5.51                          MAIN.ASM   2-11-2020  11:50:26         PAGE  5


LOC  OBJECT CODE     LINE SOURCE TEXT
  VALUE

                      00184         
005D   0808           00185         movf    PORTD, W
005E   390F           00186         andlw   0x0F                    ;limpando do RD7 ao RD4 (RD<7:4>)
005F   3C00           00187         sublw   0x00
0060   1D03           00188         btfss   STATUS, Z               ;testa inputs
0061   2863           00189         goto    ButtonNotPressed
0062   2865           00190         goto    ButtonPressed
                      00191         
0063                  00192 ButtonNotPressed:
                      00193 
                      00194         ;btfss  timeout                 ;ocorreu timeout?
0063   285D           00195         goto    InputLoop               ;nao
0064   0008           00196         return
                      00197         
0065                  00198 ButtonPressed:
                      00199 
0065   00AD           00200         movwf   current_move
0066   206E           00201         call    CompareInput
0067   3C00           00202         sublw   .0
0068   1903           00203         btfsc   STATUS, Z               ;botao correto precionado?
0069   0008           00204         return                                  ;nao
006A   0AAB           00205         incf    last_input, F   ;sim
006B   0A84           00206         incf    FSR, F
006C   082B           00207         movf    last_input, W
006D   022A           00208         subwf   last_move, W
                      00209         ;btfss
                      00210         
006E                  00211 CompareInput:
                      00212 
Message[305]: Using default destination of 1 (file).
006E   08AD           00213         movf    current_move
006F   0200           00214         subwf   INDF, W
0070   1D03           00215         btfss   STATUS, Z               ;current_move == 0?
0071   3400           00216         retlw   .0                              ;nao - botao errado
0072   342D           00217         retlw   current_move    ;sim - botao correto
                      00218         
                      00219         
                      00220 
0073                  00221 RotinaInicializacao:
                      00222         
0073   1283           00223         bcf             STATUS, RP0             ;seleciona do bank3 11 to bank1 01
0074   1303           00224         bcf     STATUS, RP1             ;seleciona do bank1 01 to bank0 00
0075   300F           00225         movlw   0x0F                    ;movendo b"00001111"
0076   0085           00226         movwf   PORTA                   ;ligando os LEDs
                      00227                                                         ;set pinos RA0-RA3
0077   2092           00228         call    Delay_1s                ;chama função Delay
0078   01A0           00229         clrf    led_cnt                 ;led_cnt = 0
                      00230         
0079                  00231 LedContLoop:
                      00232 
0079   0185           00233         clrf    PORTA                   ;clear PORTA zerando pinos RA0-RA3
                      00234         
007A   3000           00235         movlw   .0
MPASM  5.51                          MAIN.ASM   2-11-2020  11:50:26         PAGE  6


LOC  OBJECT CODE     LINE SOURCE TEXT
  VALUE

007B   0220           00236         subwf   led_cnt, W              ;subtrai w de led_cont
007C   1903           00237         btfsc   STATUS, Z               ;comparação led_cnt = 0?
007D   1405           00238         bsf             PORTA,RA0               ;sim
                      00239                                                         ;não
007E   3001           00240         movlw   .1
007F   0220           00241         subwf   led_cnt, W              ;subtrai w de led_cont
0080   1903           00242         btfsc   STATUS, Z               ;comparação led_cnt = 1?
0081   1485           00243         bsf             PORTA,RA1               ;sim
                      00244                                                         ;não
0082   3002           00245         movlw   .2
0083   0220           00246         subwf   led_cnt, W              ;subtrai w de led_cont
0084   1903           00247         btfsc   STATUS, Z               ;comparação led_cnt = 2?
0085   1505           00248         bsf             PORTA,RA2               ;sim
                      00249                                                         ;não
0086   3003           00250         movlw   .3
0087   0220           00251         subwf   led_cnt, W              ;subtrai w de led_cont
0088   1903           00252         btfsc   STATUS, Z               ;comparação led_cnt = 3?
0089   1585           00253         bsf             PORTA,RA3               ;sim
                      00254                                                         ;não
                      00255                                                         
008A   209E           00256         call    Delay_200ms             ;chama função delay_200ms
                      00257         
008B   0AA0           00258         incf    led_cnt, F              ;incremente led_cont
                      00259         
008C   3004           00260         movlw   .4
008D   0220           00261         subwf   led_cnt, W              ;subtrai w de led_cont
008E   1D03           00262         btfss   STATUS, Z               ;comparação led_cnt = 4?
008F   2879           00263         goto    LedContLoop             ;não
0090   0185           00264         clrf    PORTA                   ;sim
0091   0008           00265         return
                      00266 
0092                  00267 Delay_1s:
                      00268         
0092   209E           00269         call Delay_200ms
0093   209E           00270         call Delay_200ms
0094   209E           00271         call Delay_200ms
0095   209E           00272         call Delay_200ms
0096   209E           00273         call Delay_200ms
0097   0008           00274         return
                      00275 
0098                  00276 Delay_1ms:
0098   30F9           00277         movlw   .249
0099   00A1           00278         movwf   cnt_1
009A                  00279 Delay1:
009A   0000           00280         nop
009B   0BA1           00281         decfsz  cnt_1, F        ;decrementa cnt_1
009C   289A           00282         goto    Delay1
009D   0008           00283         return
                      00284 
009E                  00285 Delay_200ms:
009E   30C8           00286         movlw   .200
009F   00A2           00287         movwf   cnt_2
00A0                  00288 Delay2:
MPASM  5.51                          MAIN.ASM   2-11-2020  11:50:26         PAGE  7


LOC  OBJECT CODE     LINE SOURCE TEXT
  VALUE

00A0   20A4           00289         call    Delay_ms
00A1   0BA2           00290         decfsz  cnt_2, F
00A2   28A0           00291         goto    Delay2
00A3   0008           00292         return
00A4                  00293 Delay_ms:
00A4   30F8           00294         movlw   .248
00A5   00A1           00295         movwf   cnt_1
00A6                  00296 Delay3:
00A6   0000           00297         nop
00A7   0BA1           00298         decfsz  cnt_1, F        ;decrementa cnt_1
00A8   28A6           00299         goto    Delay3
00A9   0008           00300         return
                      00301 
00AA                  00302 Delay_10us:
                      00303 
00AA   0000           00304         nop
00AB   0000           00305         nop
00AC   0000           00306         nop
00AD   0000           00307         nop
00AE   0000           00308         nop
00AF   0000           00309         nop
00B0   0008           00310         return
                      00311         
                      00312         end
MPASM  5.51                          MAIN.ASM   2-11-2020  11:50:26         PAGE  8


SYMBOL TABLE
  LABEL                             VALUE 

ABDEN                             00000000
ABDOVF                            00000007
ACKDT                             00000005
ACKEN                             00000004
ACKSTAT                           00000006
ADCON0                            0000001F
ADCON1                            0000009F
ADCS0                             00000006
ADCS1                             00000007
ADDEN                             00000003
ADFM                              00000007
ADIE                              00000006
ADIF                              00000006
ADON                              00000000
ADRESH                            0000001E
ADRESL                            0000009E
ANS0                              00000000
ANS1                              00000001
ANS10                             00000002
ANS11                             00000003
ANS12                             00000004
ANS13                             00000005
ANS2                              00000002
ANS3                              00000003
ANS4                              00000004
ANS5                              00000005
ANS6                              00000006
ANS7                              00000007
ANS8                              00000000
ANS9                              00000001
ANSEL                             00000188
ANSELH                            00000189
BAUDCTL                           00000187
BCLIE                             00000003
BCLIF                             00000003
BF                                00000000
BRG0                              00000000
BRG1                              00000001
BRG10                             00000002
BRG11                             00000003
BRG12                             00000004
BRG13                             00000005
BRG14                             00000006
BRG15                             00000007
BRG16                             00000003
BRG2                              00000002
BRG3                              00000003
BRG4                              00000004
BRG5                              00000005
BRG6                              00000006
BRG7                              00000007
BRG8                              00000000
BRG9                              00000001
MPASM  5.51                          MAIN.ASM   2-11-2020  11:50:26         PAGE  9


SYMBOL TABLE
  LABEL                             VALUE 

BRGH                              00000002
ButtonNotPressed                  00000063
ButtonPressed                     00000065
C                                 00000000
C1CH0                             00000000
C1CH1                             00000001
C1IE                              00000005
C1IF                              00000005
C1OE                              00000005
C1ON                              00000007
C1OUT                             00000006
C1POL                             00000004
C1R                               00000002
C1RSEL                            00000005
C1SEN                             00000005
C2CH0                             00000000
C2CH1                             00000001
C2IE                              00000006
C2IF                              00000006
C2OE                              00000005
C2ON                              00000007
C2OUT                             00000006
C2POL                             00000004
C2R                               00000002
C2REN                             00000004
C2RSEL                            00000004
C2SYNC                            00000000
CCP1CON                           00000017
CCP1IE                            00000002
CCP1IF                            00000002
CCP1M0                            00000000
CCP1M1                            00000001
CCP1M2                            00000002
CCP1M3                            00000003
CCP1X                             00000005
CCP1Y                             00000004
CCP2CON                           0000001D
CCP2IE                            00000000
CCP2IF                            00000000
CCP2M0                            00000000
CCP2M1                            00000001
CCP2M2                            00000002
CCP2M3                            00000003
CCP2X                             00000005
CCP2Y                             00000004
CCPR1                             00000015
CCPR1H                            00000016
CCPR1L                            00000015
CCPR2                             0000001B
CCPR2H                            0000001C
CCPR2L                            0000001B
CHS0                              00000002
CHS1                              00000003
MPASM  5.51                          MAIN.ASM   2-11-2020  11:50:26         PAGE 10


SYMBOL TABLE
  LABEL                             VALUE 

CHS2                              00000004
CHS3                              00000005
CKE                               00000006
CKP                               00000004
CM1CON0                           00000107
CM2CON0                           00000108
CM2CON1                           00000109
CREN                              00000004
CSRC                              00000007
CompareInput                      0000006E
D                                 00000005
DATA_ADDRESS                      00000005
DC                                00000001
DC1B0                             00000004
DC1B1                             00000005
DC2B0                             00000004
DC2B1                             00000005
D_A                               00000005
D_NOT_A                           00000005
Delay1                            0000009A
Delay2                            000000A0
Delay3                            000000A6
Delay_10us                        000000AA
Delay_1ms                         00000098
Delay_1s                          00000092
Delay_200ms                       0000009E
Delay_ms                          000000A4
EASY_TIMEOUT                      00000005
ECCPAS                            0000009C
ECCPAS0                           00000004
ECCPAS1                           00000005
ECCPAS2                           00000006
ECCPASE                           00000007
EEADR                             0000010D
EEADRH                            0000010F
EECON1                            0000018C
EECON2                            0000018D
EEDAT                             0000010C
EEDATA                            0000010C
EEDATH                            0000010E
EEIE                              00000004
EEIF                              00000004
EEPGD                             00000007
Entrada_de_movimento              00000058
ExitInterrupt                     00000011
F                                 00000001
FERR                              00000002
FSR                               00000004
FVREN                             00000000
GCEN                              00000007
GIE                               00000007
GO                                00000001
GO_DONE                           00000001
MPASM  5.51                          MAIN.ASM   2-11-2020  11:50:26         PAGE 11


SYMBOL TABLE
  LABEL                             VALUE 

GO_NOT_DONE                       00000001
HARD_TIMEOUT                      00000003
HTS                               00000002
I2C_DATA                          00000005
I2C_READ                          00000002
I2C_START                         00000003
I2C_STOP                          00000004
INDF                              00000000
INTCON                            0000000B
INTE                              00000004
INTEDG                            00000006
INTF                              00000001
IOCB                              00000096
IOCB0                             00000000
IOCB1                             00000001
IOCB2                             00000002
IOCB3                             00000003
IOCB4                             00000004
IOCB5                             00000005
IOCB6                             00000006
IOCB7                             00000007
IRCF0                             00000004
IRCF1                             00000005
IRCF2                             00000006
IRP                               00000007
InputLoop                         0000005D
LED_BLUE                          00000008
LED_GREEN                         00000004
LED_RED                           00000001
LED_YELLOW                        00000002
LTS                               00000001
LedContLoop                       00000079
LevelEasy                         0000003B
LevelHard                         0000003D
MC1OUT                            00000007
MC2OUT                            00000006
MOVE_BASE_ADDR                    0000005F
MSK                               00000093
MSK0                              00000000
MSK1                              00000001
MSK2                              00000002
MSK3                              00000003
MSK4                              00000004
MSK5                              00000005
MSK6                              00000006
MSK7                              00000007
Main                              00000033
Main_Loop                         0000003F
NOT_A                             00000005
NOT_ADDRESS                       00000005
NOT_BO                            00000000
NOT_BOR                           00000000
NOT_DONE                          00000001
MPASM  5.51                          MAIN.ASM   2-11-2020  11:50:26         PAGE 12


SYMBOL TABLE
  LABEL                             VALUE 

NOT_PD                            00000003
NOT_POR                           00000001
NOT_RBPU                          00000007
NOT_RC8                           00000006
NOT_T1SYNC                        00000002
NOT_TO                            00000004
NOT_TX8                           00000006
NOT_W                             00000002
NOT_WRITE                         00000002
OERR                              00000001
OPTION_REG                        00000081
OSCCON                            0000008F
OSCTUNE                           00000090
OSFIE                             00000007
OSFIF                             00000007
OSTS                              00000003
P                                 00000004
P1M0                              00000006
P1M1                              00000007
PCL                               00000002
PCLATH                            0000000A
PCON                              0000008E
PDC0                              00000000
PDC1                              00000001
PDC2                              00000002
PDC3                              00000003
PDC4                              00000004
PDC5                              00000005
PDC6                              00000006
PEIE                              00000006
PEN                               00000002
PIE1                              0000008C
PIE2                              0000008D
PIR1                              0000000C
PIR2                              0000000D
PORTA                             00000005
PORTB                             00000006
PORTC                             00000007
PORTD                             00000008
PORTE                             00000009
PR2                               00000092
PRSEN                             00000007
PS0                               00000000
PS1                               00000001
PS2                               00000002
PSA                               00000003
PSSAC0                            00000002
PSSAC1                            00000003
PSSBD0                            00000000
PSSBD1                            00000001
PSTRCON                           0000009D
PULSR                             00000002
PULSS                             00000003
MPASM  5.51                          MAIN.ASM   2-11-2020  11:50:26         PAGE 13


SYMBOL TABLE
  LABEL                             VALUE 

PWM1CON                           0000009B
R                                 00000002
RA0                               00000000
RA1                               00000001
RA2                               00000002
RA3                               00000003
RA4                               00000004
RA5                               00000005
RA6                               00000006
RA7                               00000007
RB0                               00000000
RB1                               00000001
RB2                               00000002
RB3                               00000003
RB4                               00000004
RB5                               00000005
RB6                               00000006
RB7                               00000007
RBIE                              00000003
RBIF                              00000000
RC0                               00000000
RC1                               00000001
RC2                               00000002
RC3                               00000003
RC4                               00000004
RC5                               00000005
RC6                               00000006
RC7                               00000007
RC8_9                             00000006
RC9                               00000006
RCD8                              00000000
RCEN                              00000003
RCIDL                             00000006
RCIE                              00000005
RCIF                              00000005
RCREG                             0000001A
RCSTA                             00000018
RD                                00000000
RD0                               00000000
RD1                               00000001
RD2                               00000002
RD3                               00000003
RD4                               00000004
RD5                               00000005
RD6                               00000006
RD7                               00000007
RE0                               00000000
RE1                               00000001
RE2                               00000002
RE3                               00000003
READ_WRITE                        00000002
RP0                               00000005
RP1                               00000006
MPASM  5.51                          MAIN.ASM   2-11-2020  11:50:26         PAGE 14


SYMBOL TABLE
  LABEL                             VALUE 

RSEN                              00000001
RX9                               00000006
RX9D                              00000000
R_NOT_W                           00000002
R_W                               00000002
RotinaInicializacao               00000073
S                                 00000003
SBOREN                            00000004
SCKP                              00000004
SCS                               00000000
SEN                               00000000
SENDB                             00000003
SMP                               00000007
SPBRG                             00000099
SPBRGH                            0000009A
SPEN                              00000007
SR0                               00000006
SR1                               00000007
SRCON                             00000185
SREN                              00000005
SSPADD                            00000093
SSPBUF                            00000013
SSPCON                            00000014
SSPCON2                           00000091
SSPEN                             00000005
SSPIE                             00000003
SSPIF                             00000003
SSPM0                             00000000
SSPM1                             00000001
SSPM2                             00000002
SSPM3                             00000003
SSPMSK                            00000093
SSPOV                             00000006
SSPSTAT                           00000094
STATUS                            00000003
STRA                              00000000
STRB                              00000001
STRC                              00000002
STRD                              00000003
STRSYNC                           00000004
SWDTEN                            00000000
SYNC                              00000004
SorteiaNumero                     00000042
Start                             00000016
StoreNumber                       00000054
T0CS                              00000005
T0IE                              00000005
T0IF                              00000002
T0SE                              00000004
T1CKPS0                           00000004
T1CKPS1                           00000005
T1CON                             00000010
T1GINV                            00000007
MPASM  5.51                          MAIN.ASM   2-11-2020  11:50:26         PAGE 15


SYMBOL TABLE
  LABEL                             VALUE 

T1GIV                             00000007
T1GSS                             00000001
T1INSYNC                          00000002
T1OSCEN                           00000003
T1SYNC                            00000002
T2CKPS0                           00000000
T2CKPS1                           00000001
T2CON                             00000012
TMR0                              00000001
TMR0IE                            00000005
TMR0IF                            00000002
TMR0_50MS                         0000003D
TMR1                              0000000E
TMR1CS                            00000001
TMR1GE                            00000006
TMR1H                             0000000F
TMR1IE                            00000000
TMR1IF                            00000000
TMR1L                             0000000E
TMR1ON                            00000000
TMR2                              00000011
TMR2IE                            00000001
TMR2IF                            00000001
TMR2ON                            00000002
TOUTPS0                           00000003
TOUTPS1                           00000004
TOUTPS2                           00000005
TOUTPS3                           00000006
TRISA                             00000085
TRISA0                            00000000
TRISA1                            00000001
TRISA2                            00000002
TRISA3                            00000003
TRISA4                            00000004
TRISA5                            00000005
TRISA6                            00000006
TRISA7                            00000007
TRISB                             00000086
TRISB0                            00000000
TRISB1                            00000001
TRISB2                            00000002
TRISB3                            00000003
TRISB4                            00000004
TRISB5                            00000005
TRISB6                            00000006
TRISB7                            00000007
TRISC                             00000087
TRISC0                            00000000
TRISC1                            00000001
TRISC2                            00000002
TRISC3                            00000003
TRISC4                            00000004
TRISC5                            00000005
MPASM  5.51                          MAIN.ASM   2-11-2020  11:50:26         PAGE 16


SYMBOL TABLE
  LABEL                             VALUE 

TRISC6                            00000006
TRISC7                            00000007
TRISD                             00000088
TRISD0                            00000000
TRISD1                            00000001
TRISD2                            00000002
TRISD3                            00000003
TRISD4                            00000004
TRISD5                            00000005
TRISD6                            00000006
TRISD7                            00000007
TRISE                             00000089
TRISE0                            00000000
TRISE1                            00000001
TRISE2                            00000002
TRISE3                            00000003
TRMT                              00000001
TUN0                              00000000
TUN1                              00000001
TUN2                              00000002
TUN3                              00000003
TUN4                              00000004
TX8_9                             00000006
TX9                               00000006
TX9D                              00000000
TXD8                              00000000
TXEN                              00000005
TXIE                              00000004
TXIF                              00000004
TXREG                             00000019
TXSTA                             00000098
Timer0Interrupt                   0000000B
UA                                00000001
ULPWUE                            00000005
ULPWUIE                           00000002
ULPWUIF                           00000002
VCFG0                             00000004
VCFG1                             00000005
VR0                               00000000
VR1                               00000001
VR2                               00000002
VR3                               00000003
VRCON                             00000097
VREN                              00000007
VROE                              00000006
VRR                               00000005
VRSS                              00000004
W                                 00000000
WCOL                              00000007
WDTCON                            00000105
WDTPS0                            00000001
WDTPS1                            00000002
WDTPS2                            00000003
MPASM  5.51                          MAIN.ASM   2-11-2020  11:50:26         PAGE 17


SYMBOL TABLE
  LABEL                             VALUE 

WDTPS3                            00000004
WPUB                              00000095
WPUB0                             00000000
WPUB1                             00000001
WPUB2                             00000002
WPUB3                             00000003
WPUB4                             00000004
WPUB5                             00000005
WPUB6                             00000006
WPUB7                             00000007
WR                                00000001
WREN                              00000002
WRERR                             00000003
WUE                               00000001
Z                                 00000002
_BOR21V                           00003EFF
_BOR40V                           00003FFF
_BOR4V_BOR21V                     00003EFF
_BOR4V_BOR40V                     00003FFF
_BOREN_NSLEEP                     00003EFF
_BOREN_OFF                        00003CFF
_BOREN_ON                         00003FFF
_BOREN_SBODEN                     00003DFF
_BOR_NSLEEP                       00003EFF
_BOR_OFF                          00003CFF
_BOR_ON                           00003FFF
_BOR_SBODEN                       00003DFF
_CONFIG1                          00002007
_CONFIG2                          00002008
_CPD_OFF                          00003FFF
_CPD_ON                           00003F7F
_CP_OFF                           00003FFF
_CP_ON                            00003FBF
_DEBUG_OFF                        00003FFF
_DEBUG_ON                         00001FFF
_DEVID1                           00002006
_EC_OSC                           00003FFB
_EXTRC                            00003FFF
_EXTRCIO                          00003FFE
_EXTRC_OSC_CLKOUT                 00003FFF
_EXTRC_OSC_NOCLKOUT               00003FFE
_FCMEN_OFF                        000037FF
_FCMEN_ON                         00003FFF
_FOSC_EC                          00003FFB
_FOSC_EXTRC_CLKOUT                00003FFF
_FOSC_EXTRC_NOCLKOUT              00003FFE
_FOSC_HS                          00003FFA
_FOSC_INTRC_CLKOUT                00003FFD
_FOSC_INTRC_NOCLKOUT              00003FFC
_FOSC_LP                          00003FF8
_FOSC_XT                          00003FF9
_HS_OSC                           00003FFA
_IDLOC0                           00002000
MPASM  5.51                          MAIN.ASM   2-11-2020  11:50:26         PAGE 18


SYMBOL TABLE
  LABEL                             VALUE 

_IDLOC1                           00002001
_IDLOC2                           00002002
_IDLOC3                           00002003
_IESO_OFF                         00003BFF
_IESO_ON                          00003FFF
_INTOSC                           00003FFD
_INTOSCIO                         00003FFC
_INTRC_OSC_CLKOUT                 00003FFD
_INTRC_OSC_NOCLKOUT               00003FFC
_LP_OSC                           00003FF8
_LVP_OFF                          00002FFF
_LVP_ON                           00003FFF
_MCLRE_OFF                        00003FDF
_MCLRE_ON                         00003FFF
_PWRTE_OFF                        00003FFF
_PWRTE_ON                         00003FEF
_WDTE_OFF                         00003FF7
_WDTE_ON                          00003FFF
_WDT_OFF                          00003FF7
_WDT_ON                           00003FFF
_WRT_1FOURTH                      00003BFF
_WRT_256                          00003DFF
_WRT_HALF                         000039FF
_WRT_OFF                          00003FFF
_XT_OSC                           00003FF9
__16F887                          00000001
__DEBUG                           1
_status                           00000024
_wreg                             00000023
button                            PORTB, RB0
cnt_1                             00000021
cnt_2                             00000022
current_move                      0000002D
last_input                        0000002B
last_move                         0000002A
led_cnt                           00000020
level                             00000027
move                              00000029
sequency                          00000028
timeout                           0000002C
timer_counter_500ms               00000026
timer_counter_5s                  00000025
MPASM  5.51                          MAIN.ASM   2-11-2020  11:50:26         PAGE 19


MEMORY USAGE MAP ('X' = Used,  '-' = Unused)


0000 : X---XXXXXXXXXXXX XXXXXXXXXXXXXXXX XXXXXXXXXXXXXXXX XXXXXXXXXXXXXXXX
0040 : XXXXXXXXXXXXXXXX XXXXXXXXXXXXXXXX XXXXXXXXXXXXXXXX XXXXXXXXXXXXXXXX
0080 : XXXXXXXXXXXXXXXX XXXXXXXXXXXXXXXX XXXXXXXXXXXXXXXX X---------------
2000 : -------XX------- ---------------- ---------------- ----------------

All other memory blocks unused.

Program Memory Words Used:   174
Program Memory Words Free:  8018


Errors   :     0
Warnings :    11 reported,     0 suppressed
Messages :    10 reported,     0 suppressed

